<?xml version="1.0" encoding="UTF-8"?>
<!-- Generated by org.testng.reporters.JUnitReportReporter -->
<testsuite skipped="0" hostname="DESKTOP-KSFKQJI" name="TestCases.TestLoginPage" tests="1" failures="0" timestamp="05 Dec 2018 10:38:01 GMT" time="23.306" errors="0">
  <testcase name="testDashBoard" time="23.306" classname="TestCases.TestLoginPage"/>
</testsuite> <!-- TestCases.TestLoginPage -->
