<?xml version="1.0" encoding="UTF-8"?>
<!-- Generated by org.testng.reporters.JUnitReportReporter -->
<testsuite skipped="0" hostname="DESKTOP-KSFKQJI" name="TestCases.TestDashBoard" tests="1" failures="0" timestamp="05 Dec 2018 10:44:44 GMT" time="26.942" errors="0">
  <testcase name="ClickStdMenue" time="26.942" classname="TestCases.TestDashBoard"/>
</testsuite> <!-- TestCases.TestDashBoard -->
